Match Table acl did not specify the number of entries required. A default value (512) will be used.
Match Table acl did not specify the number of entries required. A default value (512) will be used.
Match Table acl did not specify the number of entries required. A default value (512) will be used.
Modify field operating on fields of different bit widths.  Destination field 'meta.time32' has bit width 32 and source field 'ig_intr_md_from_parser_aux.ingress_global_tstamp' has bit width 48.
Modify field operating on fields of different bit widths.  Destination field 'meta.time32' has bit width 32 and source field 'eg_intr_md_from_parser_aux.egress_global_tstamp' has bit width 48.
Modify field operating on fields of different bit widths.  Destination field 'meta.in_port' has bit width 8 and source field 'ig_intr_md.ingress_port' has bit width 9.
Modify field operating on fields of different bit widths.  Destination field 'meta.in_port' has bit width 8 and source field 'ig_intr_md.ingress_port' has bit width 9.
Modify field operating on fields of different bit widths.  Destination field 'ig_intr_md_for_tm.ucast_egress_port' has bit width 9 and source field 'meta.in_port' has bit width 8.
Modify field operating on fields of different bit widths.  Destination field 'ipv4.diffserv' has bit width 8 and source field 'meta.tcp_session_map_index' has bit width 16.
Modify field operating on fields of different bit widths.  Destination field 'ipv4.diffserv' has bit width 8 and source field 'meta.tcp_session_map_index' has bit width 16.
Modify field operating on fields of different bit widths.  Destination field 'ipv4.diffserv' has bit width 8 and source field 'meta.tcp_session_map_index' has bit width 16.
Cannot find table object for 'time32_eg_always_true_condition'.
Cannot find table object for 'time32_in_always_true_condition'.
Cannot find table object for 'update_countt_always_true_condition'.
Cannot find table object for 'session_check_reverse_always_true_condition'.
Cannot find table object for 'time32_eg_always_true_condition'.
Cannot find table object for 'time32_in_always_true_condition'.
Cannot find table object for 'update_countt_always_true_condition'.
Cannot find table object for 'write_time_eg_always_true_condition'.
Cannot find table object for 'write_time_in_always_true_condition'.
Cannot find table object for 'session_check_reverse_always_true_condition'.
Cannot find table object for 'time32_eg_always_true_condition'.
Cannot find table object for 'time32_in_always_true_condition'.
Cannot find table object for 'update_countt_always_true_condition'.
Cannot find table object for 'write_time_eg_always_true_condition'.
Cannot find table object for 'write_time_in_always_true_condition'.
Cannot find table object for 'session_check_reverse_always_true_condition'.
Cannot find table object for 'time32_eg_always_true_condition'.
Cannot find table object for 'time32_in_always_true_condition'.
Cannot find table object for 'update_countt_always_true_condition'.
Cannot find table object for 'write_time_eg_always_true_condition'.
Cannot find table object for 'write_time_in_always_true_condition'.
Cannot find table object for 'session_check_reverse_always_true_condition'.
Cannot find table object for 'set_heavy_hitter_count_table_1_always_true_condition'.
Cannot find table object for 'set_heavy_hitter_count_table_2_always_true_condition'.
Cannot find table object for 'time32_eg_always_true_condition'.
Cannot find table object for 'time32_in_always_true_condition'.
Cannot find table object for 'update_countt_always_true_condition'.
Cannot find table object for 'write_time_eg_always_true_condition'.
Cannot find table object for 'write_time_in_always_true_condition'.
Cannot find table object for 'session_check_reverse_always_true_condition'.
Cannot find table object for 'set_heavy_hitter_count_table_1_always_true_condition'.
Cannot find table object for 'set_heavy_hitter_count_table_2_always_true_condition'.
Cannot find table object for 'time32_eg_always_true_condition'.
Cannot find table object for 'time32_in_always_true_condition'.
Cannot find table object for 'update_countt_always_true_condition'.
Cannot find table object for 'write_time_eg_always_true_condition'.
Cannot find table object for 'write_time_in_always_true_condition'.
Cannot find table object for 'session_check_reverse_always_true_condition'.
Cannot find table object for 'set_heavy_hitter_count_table_1_always_true_condition'.
Cannot find table object for 'set_heavy_hitter_count_table_2_always_true_condition'.
Cannot find table object for 'time32_eg_always_true_condition'.
Cannot find table object for 'time32_in_always_true_condition'.
Cannot find table object for 'update_countt_always_true_condition'.
Cannot find table object for 'write_time_eg_always_true_condition'.
Cannot find table object for 'write_time_in_always_true_condition'.
Cannot find table object for 'session_check_reverse_always_true_condition'.
Cannot find table object for 'set_heavy_hitter_count_table_1_always_true_condition'.
Cannot find table object for 'set_heavy_hitter_count_table_2_always_true_condition'.
Cannot find table object for 'time32_eg_always_true_condition'.
Cannot find table object for 'time32_in_always_true_condition'.
Cannot find table object for 'update_countt_always_true_condition'.
Cannot find table object for 'write_time_eg_always_true_condition'.
Cannot find table object for 'write_time_in_always_true_condition'.
Cannot find table object for 'session_check_reverse_always_true_condition'.
Cannot find table object for 'set_heavy_hitter_count_table_1_always_true_condition'.
Cannot find table object for 'set_heavy_hitter_count_table_2_always_true_condition'.
Cannot find table object for 'time32_eg_always_true_condition'.
Cannot find table object for 'time32_in_always_true_condition'.
Cannot find table object for 'update_countt_always_true_condition'.
Cannot find table object for 'write_time_eg_always_true_condition'.
Cannot find table object for 'write_time_in_always_true_condition'.
Cannot find table object for 'session_check_reverse_always_true_condition'.
Cannot find table object for 'set_heavy_hitter_count_table_1_always_true_condition'.
Cannot find table object for 'set_heavy_hitter_count_table_2_always_true_condition'.
Cannot find table object for 'time32_eg_always_true_condition'.
Cannot find table object for 'time32_in_always_true_condition'.
Cannot find table object for 'update_countt_always_true_condition'.
Cannot find table object for 'write_time_eg_always_true_condition'.
Cannot find table object for 'write_time_in_always_true_condition'.
Cannot find table object for 'session_check_reverse_always_true_condition'.
Cannot find table object for 'set_heavy_hitter_count_table_1_always_true_condition'.
Cannot find table object for 'set_heavy_hitter_count_table_2_always_true_condition'.
Cannot find table object for 'time32_eg_always_true_condition'.
Cannot find table object for 'time32_in_always_true_condition'.
Cannot find table object for 'update_countt_always_true_condition'.
Cannot find table object for 'write_time_eg_always_true_condition'.
Cannot find table object for 'write_time_in_always_true_condition'.
Cannot find table object for 'session_check_reverse_always_true_condition'.
Cannot find table object for 'set_heavy_hitter_count_table_1_always_true_condition'.
Cannot find table object for 'set_heavy_hitter_count_table_2_always_true_condition'.
Cannot find table object for 'time32_eg_always_true_condition'.
Cannot find table object for 'time32_in_always_true_condition'.
Cannot find table object for 'update_countt_always_true_condition'.
Cannot find table object for 'write_time_eg_always_true_condition'.
Cannot find table object for 'write_time_in_always_true_condition'.
Cannot find table object for 'session_check_reverse_always_true_condition'.
Cannot find table object for 'set_heavy_hitter_count_table_1_always_true_condition'.
Cannot find table object for 'set_heavy_hitter_count_table_2_always_true_condition'.
Cannot find table object for 'time32_eg_always_true_condition'.
Cannot find table object for 'time32_in_always_true_condition'.
Cannot find table object for 'update_countt_always_true_condition'.
Cannot find table object for 'write_time_eg_always_true_condition'.
Cannot find table object for 'write_time_in_always_true_condition'.
