+---------------------------------------------------------------------+
|  Log file: mau.characterize.log                                     |
|  Compiler version: 4.1.1 (bfc362d)                                  |
|  Created on: Sat Oct 27 04:24:54 2018                               |
+---------------------------------------------------------------------+

Match+Action Resource Usage
----------------------------------------------------------------------------------------------------------------------------------------------------------------------------------------------------------------------------------------------------------------------------------------------------------------
|               1                |    2    |   3   |    4    |  5   |        6        |   7   |         8         |      9      |    10   |   11  |          12         |     13    |      14     |     15     |   16   |      17     |      18     |      19     |       20      |    21   |        22       |
|             Table              |   Dir   | Stage |    P4   | Mem  |      Total      | Total |       Table       |    Match    |   TCAM  |  SRAM |        Match        |    Imm.   |     TCAM    |    SRAM    |   P4   |    Action   |    Ideal    |    Actual   |      TCAM     |   SRAM  |       SRAM      |
|              Name              |         |       |  Lookup | Type |      SRAMs      | TCAMs |      Entries      |     Bits    |  Over-  | Over- |       Overhead      |   Action  |     Bits    |    Bits    | Action |     Bits    |    Match    |    Match    |     Match     |  Match  |      Action     |
|                                |         |       | Type(s) |      | TOT(M/A/S/MT/I) |       |     Requested     |     Per     |   head  |  head |      Structure      |    Data   |     Per     |    Per     |  Bits  |     Per     |   Entries-  |   Entries-  |    Packing    | Packing |     Packing     |
|                                |         |       |         |      |     (legend     |       |         /         |    Entry    |   Bits  |  Bits | NT/AI/AD/M/S/SL/V/I |     in    |    Entry    |   Entry    |        |    Entry    |    Number   |    Number   |      Eff.     |   Eff.  |       Eff.      |
|                                |         |       |         |      |      below)     |       |     Allocated     |  R/A(diff)  |   Per   |  Per  |       (legend       |  Overhead |  R/A(diff)  | R/A(diff)  |        |  R/A(diff)  |     Per     |     Per     |     Ideal/    |  Ideal/ |      Ideal/     |
|                                |         |       |         |      |                 |       |       (diff)      |             |  Entry  | Entry |        below)       | R/A(diff) |             |            |        |             |    Memory   |    Memory   |     Actual    |  Actual |      Actual     |
|                                |         |       |         |      |                 |       |                   |             | ver/vld |       |                     |           |             |            |        |             |    Units    |    Units    |               |         |                 |
|                                |         |       |         |      |                 |       |                   |             |         |       |                     |           |             |            |        |             |    (bits)   |    (bits)   |               |         |                 |
----------------------------------------------------------------------------------------------------------------------------------------------------------------------------------------------------------------------------------------------------------------------------------------------------------------
|              acl               | ingress |   0   | ternary | tcam |  1 (0/0/0/0/1)  |   1   |   512 / 512 (0)   | 32 / 32 (0) |    4    |   2   |   0/2/0/0/0/0/0/0   | 0 / 0 (0) | 36 / 44 (8) | 2 / 4 (2)  |   0    |  0 / 0 (0)  | 1 in 1 (44) | 1 in 1 (44) | 72.7% / 72.7% |  - / -  |      - / -      |
|              init              | ingress |   0   |         | tcam |  1 (0/1/0/0/0)  |   1   | 1024 / 512 (-512) |  0 / 0 (0)  |    0    |   0   |   0/0/0/0/0/0/0/0   | 0 / 0 (0) | 0 / 44 (44) | 0 / 0 (0)  |   64   | 64 / 64 (0) |  1 in 0 (0) | 1 in 1 (44) |     - / -     |  - / -  | 100.0% / 100.0% |
|         update_countt          | ingress |   0   |         |  -   |  2 (0/0/0/2/0)  |   0   |  1024 / 1 (-1023) |  0 / 0 (0)  |    0    |   0   |   0/0/0/0/0/0/0/0   | 0 / 0 (0) |  0 / 0 (0)  | 0 / 0 (0)  |   0    |  0 / 0 (0)  |  0 in 0 (0) |  1 in 0 (0) |     - / -     |  - / -  |      - / -      |
|           time32_in            | ingress |   0   |         |  -   |  0 (0/0/0/0/0)  |   0   |     1 / 1 (0)     |  0 / 0 (0)  |    0    |   0   |   0/0/0/0/0/0/0/0   | 0 / 0 (0) |  0 / 0 (0)  | 0 / 0 (0)  |   0    |  0 / 0 (0)  |  0 in 0 (0) |  1 in 0 (0) |     - / -     |  - / -  |      - / -      |
|           time32_eg            |  egress |   0   |         |  -   |  0 (0/0/0/0/0)  |   0   |     1 / 1 (0)     |  0 / 0 (0)  |    0    |   0   |   0/0/0/0/0/0/0/0   | 0 / 0 (0) |  0 / 0 (0)  | 0 / 0 (0)  |   0    |  0 / 0 (0)  |  0 in 0 (0) |  1 in 0 (0) |     - / -     |  - / -  |      - / -      |
|         stage 0 totals         |    -    |   -   |    -    |  -   |  4 (0/1/0/2/1)  |   2   |         -         |      -      |    -    |   -   |          -          |     -     |      -      |     -      |   -    |      -      |      -      |      -      |       -       |    -    |        -        |
|                                |         |       |         |      |                 |       |                   |             |         |       |                     |           |             |            |        |             |             |             |               |         |                 |
|         write_time_in          | ingress |   1   |         |  -   |  2 (0/0/0/2/0)  |   0   |     1 / 1 (0)     |  0 / 0 (0)  |    0    |   0   |   0/0/0/0/0/0/0/0   | 0 / 0 (0) |  0 / 0 (0)  | 0 / 0 (0)  |   0    |  0 / 0 (0)  |  0 in 0 (0) |  0 in 0 (0) |     - / -     |  - / -  |      - / -      |
|         session_check          | ingress |   1   |         |  -   |  0 (0/0/0/0/0)  |   0   |  1024 / 1 (-1023) |  0 / 0 (0)  |    0    |   0   |   0/0/0/0/0/0/0/0   | 0 / 0 (0) |  0 / 0 (0)  | 0 / 0 (0)  |   0    |  0 / 0 (0)  |  0 in 0 (0) |  1 in 0 (0) |     - / -     |  - / -  |      - / -      |
|     session_check_reverse      | ingress |   1   |         |  -   |  0 (0/0/0/0/0)  |   0   |  1024 / 1 (-1023) |  0 / 0 (0)  |    0    |   0   |   0/0/0/0/0/0/0/0   | 0 / 0 (0) |  0 / 0 (0)  | 0 / 0 (0)  |   0    |  0 / 0 (0)  |  0 in 0 (0) |  1 in 0 (0) |     - / -     |  - / -  |      - / -      |
|         write_time_eg          |  egress |   1   |         |  -   |  2 (0/0/0/2/0)  |   0   |     1 / 1 (0)     |  0 / 0 (0)  |    0    |   0   |   0/0/0/0/0/0/0/0   | 0 / 0 (0) |  0 / 0 (0)  | 0 / 0 (0)  |   0    |  0 / 0 (0)  |  0 in 0 (0) |  0 in 0 (0) |     - / -     |  - / -  |      - / -      |
|         stage 1 totals         |    -    |   -   |    -    |  -   |  4 (0/0/0/4/0)  |   0   |         -         |      -      |    -    |   -   |          -          |     -     |      -      |     -      |   -    |      -      |      -      |      -      |       -       |    -    |        -        |
|                                |         |       |         |      |                 |       |                   |             |         |       |                     |           |             |            |        |             |             |             |               |         |                 |
|       session_init_table       | ingress |   2   |         | tcam |  1 (0/1/0/0/0)  |   1   | 1024 / 512 (-512) |  0 / 0 (0)  |    0    |   2   |   0/2/0/0/0/0/0/0   | 0 / 0 (0) | 0 / 44 (44) | 2 / 0 (-2) |   0    | 0 / 64 (64) |  1 in 0 (0) | 1 in 1 (44) |     - / -     |  - / -  |   0.0% / 0.0%   |
|            read_seq            | ingress |   2   |         |  -   | 17 (0/0/0/17/0) |   0   |  1024 / 1024 (0)  |  0 / 0 (0)  |    0    |   0   |   0/0/0/0/0/0/0/0   | 0 / 0 (0) |  0 / 0 (0)  | 0 / 0 (0)  |   0    |  0 / 0 (0)  |  0 in 0 (0) |  0 in 0 (0) |     - / -     |  - / -  |      - / -      |
|        read_seq_reverse        | ingress |   2   |         |  -   | 17 (0/0/0/17/0) |   0   |  1024 / 1024 (0)  |  0 / 0 (0)  |    0    |   0   |   0/0/0/0/0/0/0/0   | 0 / 0 (0) |  0 / 0 (0)  | 0 / 0 (0)  |   0    |  0 / 0 (0)  |  0 in 0 (0) |  0 in 0 (0) |     - / -     |  - / -  |      - / -      |
|           write_seq            | ingress |   2   |         |  -   | 17 (0/0/0/17/0) |   0   |  1024 / 1024 (0)  |  0 / 0 (0)  |    0    |   0   |   0/0/0/0/0/0/0/0   | 0 / 0 (0) |  0 / 0 (0)  | 0 / 0 (0)  |   0    |  0 / 0 (0)  |  0 in 0 (0) |  0 in 0 (0) |     - / -     |  - / -  |      - / -      |
|         stage 2 totals         |    -    |   -   |    -    |  -   | 52 (0/1/0/51/0) |   1   |         -         |      -      |    -    |   -   |          -          |     -     |      -      |     -      |   -    |      -      |      -      |      -      |       -       |    -    |        -        |
|                                |         |       |         |      |                 |       |                   |             |         |       |                     |           |             |            |        |             |             |             |               |         |                 |
|     session_complete_table     | ingress |   3   |         | tcam |  1 (0/1/0/0/0)  |   1   | 1024 / 512 (-512) |  0 / 0 (0)  |    0    |   2   |   0/2/0/0/0/0/0/0   | 0 / 0 (0) | 0 / 44 (44) | 2 / 0 (-2) |   0    | 0 / 64 (64) |  1 in 0 (0) | 1 in 1 (44) |     - / -     |  - / -  |   0.0% / 0.0%   |
|      relay_session_table       | ingress |   3   |         | tcam |  1 (0/1/0/0/0)  |   1   | 1024 / 512 (-512) |  0 / 0 (0)  |    0    |   2   |   0/2/0/0/0/0/0/0   | 0 / 0 (0) | 0 / 44 (44) | 2 / 0 (-2) |   0    | 0 / 32 (32) |  1 in 0 (0) | 1 in 1 (44) |     - / -     |  - / -  |   0.0% / 0.0%   |
|       inbound_tran_table       | ingress |   3   |         | tcam |  1 (0/1/0/0/0)  |   1   | 1024 / 512 (-512) |  0 / 0 (0)  |    0    |   2   |   0/2/0/0/0/0/0/0   | 0 / 0 (0) | 0 / 44 (44) | 2 / 0 (-2) |   0    | 0 / 16 (16) |  1 in 0 (0) | 1 in 1 (44) |     - / -     |  - / -  |   0.0% / 0.0%   |
|      outbound_tran_table       | ingress |   3   |         | tcam |  1 (0/1/0/0/0)  |   1   | 1024 / 512 (-512) |  0 / 0 (0)  |    0    |   2   |   0/2/0/0/0/0/0/0   | 0 / 0 (0) | 0 / 44 (44) | 2 / 0 (-2) |   0    | 0 / 16 (16) |  1 in 0 (0) | 1 in 1 (44) |     - / -     |  - / -  |   0.0% / 0.0%   |
|         stage 3 totals         |    -    |   -   |    -    |  -   |  4 (0/4/0/0/0)  |   4   |         -         |      -      |    -    |   -   |          -          |     -     |      -      |     -      |   -    |      -      |      -      |      -      |       -       |    -    |        -        |
|                                |         |       |         |      |                 |       |                   |             |         |       |                     |           |             |            |        |             |             |             |               |         |                 |
| set_heavy_hitter_count_table_1 | ingress |   4   |         |  -   | 17 (0/0/0/17/0) |   0   |     1 / 1 (0)     |  0 / 0 (0)  |    0    |   0   |   0/0/0/0/0/0/0/0   | 0 / 0 (0) |  0 / 0 (0)  | 0 / 0 (0)  |   0    |  0 / 0 (0)  |  0 in 0 (0) |  1 in 0 (0) |     - / -     |  - / -  |      - / -      |
| set_heavy_hitter_count_table_2 | ingress |   4   |         |  -   | 17 (0/0/0/17/0) |   0   |     1 / 1 (0)     |  0 / 0 (0)  |    0    |   0   |   0/0/0/0/0/0/0/0   | 0 / 0 (0) |  0 / 0 (0)  | 0 / 0 (0)  |   0    |  0 / 0 (0)  |  0 in 0 (0) |  1 in 0 (0) |     - / -     |  - / -  |      - / -      |
|         stage 4 totals         |    -    |   -   |    -    |  -   | 34 (0/0/0/34/0) |   0   |         -         |      -      |    -    |   -   |          -          |     -     |      -      |     -      |   -    |      -      |      -      |      -      |       -       |    -    |        -        |
|                                |         |       |         |      |                 |       |                   |             |         |       |                     |           |             |            |        |             |             |             |               |         |                 |
|           drop_table           | ingress |   5   |         |  -   |  0 (0/0/0/0/0)  |   0   |  1024 / 1 (-1023) |  0 / 0 (0)  |    0    |   0   |   0/0/0/0/0/0/0/0   | 0 / 0 (0) |  0 / 0 (0)  | 0 / 0 (0)  |   0    |  0 / 0 (0)  |  0 in 0 (0) |  1 in 0 (0) |     - / -     |  - / -  |      - / -      |
|         stage 5 totals         |    -    |   -   |    -    |  -   |  0 (0/0/0/0/0)  |   0   |         -         |      -      |    -    |   -   |          -          |     -     |      -      |     -      |   -    |      -      |      -      |      -      |       -       |    -    |        -        |
|                                |         |       |         |      |                 |       |                   |             |         |       |                     |           |             |            |        |             |             |             |               |         |                 |
|         overall totals         |    -    |   -   |    -    |  -   | 98 (0/6/0/91/1) |   7   |         -         |      -      |    -    |   -   |          -          |     -     |      -      |     -      |   -    |      -      |      -      |      -      |       -       |    -    |        -        |
----------------------------------------------------------------------------------------------------------------------------------------------------------------------------------------------------------------------------------------------------------------------------------------------------------------

Total SRAMs Legend:
TOT (M/A/S/MT/I)
TOT = Total
M = Match
A = Action
S = Statistics
MT = Meter / Stateful / Selection
I = Ternary Indirection

Match Overhead Structure Legend:
NT/AI/AD/M/S/SL/V/I
NT = Next Table Pointer
AI = Action Instruction Pointer
AD = Action Data Pointer
M = Meter/Selection/Stateful Pointer
S = Statistics Pointer
SL = Selection Length
V = Entry Version
I = Immediate Action Data





+----------------------------------------------------------------+
    OVERHEAD STRUCTURES
+----------------------------------------------------------------+

+----------------------------------------------------------------+
   update_countt
+----------------------------------------------------------------+
Match Overhead:

  Total bits: 0
+----------------------------------------------------------------+
   time32_in
+----------------------------------------------------------------+
Match Overhead:

  Total bits: 0
+----------------------------------------------------------------+
   write_time_in
+----------------------------------------------------------------+
Match Overhead:
  Field --stateful_pointer-- [17:0] (18 bits)

  Total bits: 18
+----------------------------------------------------------------+
   time32_eg
+----------------------------------------------------------------+
Match Overhead:

  Total bits: 0
+----------------------------------------------------------------+
   write_time_eg
+----------------------------------------------------------------+
Match Overhead:
  Field --stateful_pointer-- [17:0] (18 bits)

  Total bits: 18
+----------------------------------------------------------------+
   session_check
+----------------------------------------------------------------+
Match Overhead:
  Field --instruction_address-- [1:0] (2 bits)

  Total bits: 2
+----------------------------------------------------------------+
   session_check_reverse
+----------------------------------------------------------------+
Match Overhead:

  Total bits: 0
+----------------------------------------------------------------+
   read_seq
+----------------------------------------------------------------+
Match Overhead:
  Field --instruction_address-- [1:0] (2 bits)
  Field --stateful_pointer-- [18:0] (19 bits)

  Total bits: 21
+----------------------------------------------------------------+
   read_seq_reverse
+----------------------------------------------------------------+
Match Overhead:
  Field --instruction_address-- [1:0] (2 bits)
  Field --stateful_pointer-- [18:0] (19 bits)

  Total bits: 21
+----------------------------------------------------------------+
   write_seq
+----------------------------------------------------------------+
Match Overhead:
  Field --instruction_address-- [1:0] (2 bits)
  Field --stateful_pointer-- [18:0] (19 bits)

  Total bits: 21
+----------------------------------------------------------------+
   session_init_table
+----------------------------------------------------------------+
Match Overhead:
  Field --instruction_address-- [1:0] (2 bits)

  Total bits: 2
+----------------------------------------------------------------+
   session_complete_table
+----------------------------------------------------------------+
Match Overhead:
  Field --instruction_address-- [1:0] (2 bits)

  Total bits: 2
+----------------------------------------------------------------+
   relay_session_table
+----------------------------------------------------------------+
Match Overhead:
  Field --instruction_address-- [1:0] (2 bits)

  Total bits: 2
+----------------------------------------------------------------+
   inbound_tran_table
+----------------------------------------------------------------+
Match Overhead:
  Field --instruction_address-- [1:0] (2 bits)

  Total bits: 2
+----------------------------------------------------------------+
   outbound_tran_table
+----------------------------------------------------------------+
Match Overhead:
  Field --instruction_address-- [1:0] (2 bits)

  Total bits: 2
+----------------------------------------------------------------+
   drop_table
+----------------------------------------------------------------+
Match Overhead:
  Field --instruction_address-- [1:0] (2 bits)

  Total bits: 2
+----------------------------------------------------------------+
   set_heavy_hitter_count_table_1
+----------------------------------------------------------------+
Match Overhead:
  Field --stateful_pointer-- [0:0] (1 bits)

  Total bits: 1
+----------------------------------------------------------------+
   set_heavy_hitter_count_table_2
+----------------------------------------------------------------+
Match Overhead:
  Field --stateful_pointer-- [0:0] (1 bits)

  Total bits: 1
+----------------------------------------------------------------+
   acl
+----------------------------------------------------------------+
Match Overhead:
  Field --instruction_address-- [1:0] (2 bits)

  Total bits: 2
+----------------------------------------------------------------+
   init
+----------------------------------------------------------------+
Match Overhead:

  Total bits: 0





+----------------------------------------------------------------+
   update_countt__action__:
+----------------------------------------------------------------+

Action update_countt:
---------------------------
Pack Format:
  table_word_width: 128
  memory_word_width: 128
  entries_per_table_word: 1
  number_memory_units_per_table_word: 1
  entry_list: [
  entry_number : 0
  field_list : [
    ]
       Field --padding-- is 0 bits   : in bits [127:0]
]

+----------------------------------------------------------------+
   time32_in__action__:
+----------------------------------------------------------------+

Action time32_in:
---------------------------
Pack Format:
  table_word_width: 128
  memory_word_width: 128
  entries_per_table_word: 1
  number_memory_units_per_table_word: 1
  entry_list: [
  entry_number : 0
  field_list : [
    ]
       Field --padding-- is 0 bits   : in bits [127:0]
]

+----------------------------------------------------------------+
   write_time_in__action__:
+----------------------------------------------------------------+

Action write_time_in:
---------------------------
Pack Format:
  table_word_width: 128
  memory_word_width: 128
  entries_per_table_word: 1
  number_memory_units_per_table_word: 1
  entry_list: [
  entry_number : 0
  field_list : [
    ]
       Field --padding-- is 0 bits   : in bits [127:0]
]

+----------------------------------------------------------------+
   time32_eg__action__:
+----------------------------------------------------------------+

Action time32_eg:
---------------------------
Pack Format:
  table_word_width: 128
  memory_word_width: 128
  entries_per_table_word: 1
  number_memory_units_per_table_word: 1
  entry_list: [
  entry_number : 0
  field_list : [
    ]
       Field --padding-- is 0 bits   : in bits [127:0]
]

+----------------------------------------------------------------+
   write_time_eg__action__:
+----------------------------------------------------------------+

Action write_time_eg:
---------------------------
Pack Format:
  table_word_width: 128
  memory_word_width: 128
  entries_per_table_word: 1
  number_memory_units_per_table_word: 1
  entry_list: [
  entry_number : 0
  field_list : [
    ]
       Field --padding-- is 0 bits   : in bits [127:0]
]

+----------------------------------------------------------------+
   session_check__action__:
+----------------------------------------------------------------+

Action lookup_session_map:
---------------------------
Pack Format:
  table_word_width: 128
  memory_word_width: 128
  entries_per_table_word: 1
  number_memory_units_per_table_word: 1
  entry_list: [
  entry_number : 0
  field_list : [
    ]
       Field --padding-- is 0 bits   : in bits [127:0]
]

+----------------------------------------------------------------+
   session_check_reverse__action__:
+----------------------------------------------------------------+

Action lookup_session_map_reverse:
---------------------------
Pack Format:
  table_word_width: 128
  memory_word_width: 128
  entries_per_table_word: 1
  number_memory_units_per_table_word: 1
  entry_list: [
  entry_number : 0
  field_list : [
    ]
       Field --padding-- is 0 bits   : in bits [127:0]
]

+----------------------------------------------------------------+
   read_seq__action__:
+----------------------------------------------------------------+

Action read_seq_action:
---------------------------
Pack Format:
  table_word_width: 128
  memory_word_width: 128
  entries_per_table_word: 1
  number_memory_units_per_table_word: 1
  entry_list: [
  entry_number : 0
  field_list : [
    ]
       Field --padding-- is 0 bits   : in bits [127:0]
]

+----------------------------------------------------------------+
   read_seq_reverse__action__:
+----------------------------------------------------------------+

Action read_seq_action_reverse:
---------------------------
Pack Format:
  table_word_width: 128
  memory_word_width: 128
  entries_per_table_word: 1
  number_memory_units_per_table_word: 1
  entry_list: [
  entry_number : 0
  field_list : [
    ]
       Field --padding-- is 0 bits   : in bits [127:0]
]

+----------------------------------------------------------------+
   write_seq__action__:
+----------------------------------------------------------------+

Action write_seq_action:
---------------------------
Pack Format:
  table_word_width: 128
  memory_word_width: 128
  entries_per_table_word: 1
  number_memory_units_per_table_word: 1
  entry_list: [
  entry_number : 0
  field_list : [
    ]
       Field --padding-- is 0 bits   : in bits [127:0]
]

+----------------------------------------------------------------+
   session_init_table__action__:
+----------------------------------------------------------------+

Action sendback_sa:
---------------------------
Pack Format:
  table_word_width: 128
  memory_word_width: 128
  entries_per_table_word: 2
  number_memory_units_per_table_word: 1
  entry_list: [
  entry_number : 1
  field_list : [
    ]
       Field --padding-- [22:0]      : in bits [127:105]
       Field --constant-5-- [8:0]    : in bits [104:96]
       Field --constant-4-- [15:0]   : in bits [95:80]
       Field --padding-- [2:0]       : in bits [79:77]
       Field --constant-3-- [0:0]    : in bits [76:76]
       Field --padding-- [1:0]       : in bits [75:74]
       Field --constant-2-- [0:0]    : in bits [73:73]
       Field --padding-- [3:0]       : in bits [72:69]
       Field --constant-1-- [0:0]    : in bits [68:68]
       Field --padding-- [1:0]       : in bits [67:66]
       Field --constant-0-- [0:0]    : in bits [65:65]
       Field --padding-- [0:0]       : in bits [64:64]
  entry_number : 0
  field_list : [
    ]
       Field --padding-- [22:0]      : in bits [63:41]
       Field --constant-5-- [8:0]    : in bits [40:32]
       Field --constant-4-- [15:0]   : in bits [31:16]
       Field --padding-- [2:0]       : in bits [15:13]
       Field --constant-3-- [0:0]    : in bits [12:12]
       Field --padding-- [1:0]       : in bits [11:10]
       Field --constant-2-- [0:0]    : in bits [9:9]
       Field --padding-- [3:0]       : in bits [8:5]
       Field --constant-1-- [0:0]    : in bits [4:4]
       Field --padding-- [1:0]       : in bits [3:2]
       Field --constant-0-- [0:0]    : in bits [1:1]
       Field --padding-- [0:0]       : in bits [0:0]
]

+----------------------------------------------------------------+
   session_complete_table__action__:
+----------------------------------------------------------------+

Action sendh2syn:
---------------------------
Pack Format:
  table_word_width: 128
  memory_word_width: 128
  entries_per_table_word: 2
  number_memory_units_per_table_word: 1
  entry_list: [
  entry_number : 1
  field_list : [
    ]
       Field --padding-- [22:0]      : in bits [127:105]
       Field --constant-5-- [8:0]    : in bits [104:96]
       Field --constant-4-- [15:0]   : in bits [95:80]
       Field --padding-- [2:0]       : in bits [79:77]
       Field --constant-3-- [0:0]    : in bits [76:76]
       Field --padding-- [1:0]       : in bits [75:74]
       Field --constant-2-- [0:0]    : in bits [73:73]
       Field --padding-- [3:0]       : in bits [72:69]
       Field --constant-1-- [0:0]    : in bits [68:68]
       Field --padding-- [1:0]       : in bits [67:66]
       Field --constant-0-- [0:0]    : in bits [65:65]
       Field --padding-- [0:0]       : in bits [64:64]
  entry_number : 0
  field_list : [
    ]
       Field --padding-- [22:0]      : in bits [63:41]
       Field --constant-5-- [8:0]    : in bits [40:32]
       Field --constant-4-- [15:0]   : in bits [31:16]
       Field --padding-- [2:0]       : in bits [15:13]
       Field --constant-3-- [0:0]    : in bits [12:12]
       Field --padding-- [1:0]       : in bits [11:10]
       Field --constant-2-- [0:0]    : in bits [9:9]
       Field --padding-- [3:0]       : in bits [8:5]
       Field --constant-1-- [0:0]    : in bits [4:4]
       Field --padding-- [1:0]       : in bits [3:2]
       Field --constant-0-- [0:0]    : in bits [1:1]
       Field --padding-- [0:0]       : in bits [0:0]
]

+----------------------------------------------------------------+
   relay_session_table__action__:
+----------------------------------------------------------------+

Action sendh2ack:
---------------------------
Pack Format:
  table_word_width: 128
  memory_word_width: 128
  entries_per_table_word: 4
  number_memory_units_per_table_word: 1
  entry_list: [
  entry_number : 3
  field_list : [
    ]
       Field --padding-- [6:0]      : in bits [127:121]
       Field --constant-4-- [8:0]   : in bits [120:112]
       Field --padding-- [2:0]      : in bits [111:109]
       Field --constant-3-- [0:0]   : in bits [108:108]
       Field --padding-- [1:0]      : in bits [107:106]
       Field --constant-2-- [0:0]   : in bits [105:105]
       Field --padding-- [3:0]      : in bits [104:101]
       Field --constant-1-- [0:0]   : in bits [100:100]
       Field --padding-- [1:0]      : in bits [99:98]
       Field --constant-0-- [0:0]   : in bits [97:97]
       Field --padding-- [0:0]      : in bits [96:96]
  entry_number : 2
  field_list : [
    ]
       Field --padding-- [6:0]      : in bits [95:89]
       Field --constant-4-- [8:0]   : in bits [88:80]
       Field --padding-- [2:0]      : in bits [79:77]
       Field --constant-3-- [0:0]   : in bits [76:76]
       Field --padding-- [1:0]      : in bits [75:74]
       Field --constant-2-- [0:0]   : in bits [73:73]
       Field --padding-- [3:0]      : in bits [72:69]
       Field --constant-1-- [0:0]   : in bits [68:68]
       Field --padding-- [1:0]      : in bits [67:66]
       Field --constant-0-- [0:0]   : in bits [65:65]
       Field --padding-- [0:0]      : in bits [64:64]
  entry_number : 1
  field_list : [
    ]
       Field --padding-- [6:0]      : in bits [63:57]
       Field --constant-4-- [8:0]   : in bits [56:48]
       Field --padding-- [2:0]      : in bits [47:45]
       Field --constant-3-- [0:0]   : in bits [44:44]
       Field --padding-- [1:0]      : in bits [43:42]
       Field --constant-2-- [0:0]   : in bits [41:41]
       Field --padding-- [3:0]      : in bits [40:37]
       Field --constant-1-- [0:0]   : in bits [36:36]
       Field --padding-- [1:0]      : in bits [35:34]
       Field --constant-0-- [0:0]   : in bits [33:33]
       Field --padding-- [0:0]      : in bits [32:32]
  entry_number : 0
  field_list : [
    ]
       Field --padding-- [6:0]      : in bits [31:25]
       Field --constant-4-- [8:0]   : in bits [24:16]
       Field --padding-- [2:0]      : in bits [15:13]
       Field --constant-3-- [0:0]   : in bits [12:12]
       Field --padding-- [1:0]      : in bits [11:10]
       Field --constant-2-- [0:0]   : in bits [9:9]
       Field --padding-- [3:0]      : in bits [8:5]
       Field --constant-1-- [0:0]   : in bits [4:4]
       Field --padding-- [1:0]      : in bits [3:2]
       Field --constant-0-- [0:0]   : in bits [1:1]
       Field --padding-- [0:0]      : in bits [0:0]
]

+----------------------------------------------------------------+
   inbound_tran_table__action__:
+----------------------------------------------------------------+

Action inbound_transformation:
---------------------------
Pack Format:
  table_word_width: 128
  memory_word_width: 128
  entries_per_table_word: 8
  number_memory_units_per_table_word: 1
  entry_list: [
  entry_number : 7
  field_list : [
    ]
       Field --padding-- [6:0]      : in bits [127:121]
       Field --constant-0-- [8:0]   : in bits [120:112]
  entry_number : 6
  field_list : [
    ]
       Field --padding-- [6:0]      : in bits [111:105]
       Field --constant-0-- [8:0]   : in bits [104:96]
  entry_number : 5
  field_list : [
    ]
       Field --padding-- [6:0]      : in bits [95:89]
       Field --constant-0-- [8:0]   : in bits [88:80]
  entry_number : 4
  field_list : [
    ]
       Field --padding-- [6:0]      : in bits [79:73]
       Field --constant-0-- [8:0]   : in bits [72:64]
  entry_number : 3
  field_list : [
    ]
       Field --padding-- [6:0]      : in bits [63:57]
       Field --constant-0-- [8:0]   : in bits [56:48]
  entry_number : 2
  field_list : [
    ]
       Field --padding-- [6:0]      : in bits [47:41]
       Field --constant-0-- [8:0]   : in bits [40:32]
  entry_number : 1
  field_list : [
    ]
       Field --padding-- [6:0]      : in bits [31:25]
       Field --constant-0-- [8:0]   : in bits [24:16]
  entry_number : 0
  field_list : [
    ]
       Field --padding-- [6:0]      : in bits [15:9]
       Field --constant-0-- [8:0]   : in bits [8:0]
]

+----------------------------------------------------------------+
   outbound_tran_table__action__:
+----------------------------------------------------------------+

Action outbound_transformation:
---------------------------
Pack Format:
  table_word_width: 128
  memory_word_width: 128
  entries_per_table_word: 8
  number_memory_units_per_table_word: 1
  entry_list: [
  entry_number : 7
  field_list : [
    ]
       Field --padding-- [6:0]      : in bits [127:121]
       Field --constant-0-- [8:0]   : in bits [120:112]
  entry_number : 6
  field_list : [
    ]
       Field --padding-- [6:0]      : in bits [111:105]
       Field --constant-0-- [8:0]   : in bits [104:96]
  entry_number : 5
  field_list : [
    ]
       Field --padding-- [6:0]      : in bits [95:89]
       Field --constant-0-- [8:0]   : in bits [88:80]
  entry_number : 4
  field_list : [
    ]
       Field --padding-- [6:0]      : in bits [79:73]
       Field --constant-0-- [8:0]   : in bits [72:64]
  entry_number : 3
  field_list : [
    ]
       Field --padding-- [6:0]      : in bits [63:57]
       Field --constant-0-- [8:0]   : in bits [56:48]
  entry_number : 2
  field_list : [
    ]
       Field --padding-- [6:0]      : in bits [47:41]
       Field --constant-0-- [8:0]   : in bits [40:32]
  entry_number : 1
  field_list : [
    ]
       Field --padding-- [6:0]      : in bits [31:25]
       Field --constant-0-- [8:0]   : in bits [24:16]
  entry_number : 0
  field_list : [
    ]
       Field --padding-- [6:0]      : in bits [15:9]
       Field --constant-0-- [8:0]   : in bits [8:0]
]

+----------------------------------------------------------------+
   drop_table__action__:
+----------------------------------------------------------------+

Action _drop:
---------------------------
Pack Format:
  table_word_width: 128
  memory_word_width: 128
  entries_per_table_word: 1
  number_memory_units_per_table_word: 1
  entry_list: [
  entry_number : 0
  field_list : [
    ]
       Field --padding-- is 0 bits   : in bits [127:0]
]

+----------------------------------------------------------------+
   set_heavy_hitter_count_table_1__action__:
+----------------------------------------------------------------+

Action set_heavy_hitter_count_1:
---------------------------
Pack Format:
  table_word_width: 128
  memory_word_width: 128
  entries_per_table_word: 1
  number_memory_units_per_table_word: 1
  entry_list: [
  entry_number : 0
  field_list : [
    ]
       Field --padding-- is 0 bits   : in bits [127:0]
]

+----------------------------------------------------------------+
   set_heavy_hitter_count_table_2__action__:
+----------------------------------------------------------------+

Action set_heavy_hitter_count_2:
---------------------------
Pack Format:
  table_word_width: 128
  memory_word_width: 128
  entries_per_table_word: 1
  number_memory_units_per_table_word: 1
  entry_list: [
  entry_number : 0
  field_list : [
    ]
       Field --padding-- is 0 bits   : in bits [127:0]
]

+----------------------------------------------------------------+
   acl__action__:
+----------------------------------------------------------------+

Action __meta_init_miss_action_acl__:
---------------------------
Pack Format:
  table_word_width: 128
  memory_word_width: 128
  entries_per_table_word: 1
  number_memory_units_per_table_word: 1
  entry_list: [
  entry_number : 0
  field_list : [
    ]
       Field --padding-- is 0 bits   : in bits [127:0]
]


Action nop:
---------------------------
Pack Format:
  table_word_width: 128
  memory_word_width: 128
  entries_per_table_word: 1
  number_memory_units_per_table_word: 1
  entry_list: [
  entry_number : 0
  field_list : [
    ]
       Field --padding-- is 0 bits   : in bits [127:0]
]


Action _drop:
---------------------------
Pack Format:
  table_word_width: 128
  memory_word_width: 128
  entries_per_table_word: 1
  number_memory_units_per_table_word: 1
  entry_list: [
  entry_number : 0
  field_list : [
    ]
       Field --padding-- is 0 bits   : in bits [127:0]
]

+----------------------------------------------------------------+
   init__action__:
+----------------------------------------------------------------+

Action init_action:
---------------------------
Pack Format:
  table_word_width: 128
  memory_word_width: 128
  entries_per_table_word: 2
  number_memory_units_per_table_word: 1
  entry_list: [
  entry_number : 1
  field_list : [
    ]
       Field thres2 [31:0]   : in bits [127:96]
       Field thres1 [31:0]   : in bits [95:64]
  entry_number : 0
  field_list : [
    ]
       Field thres2 [31:0]   : in bits [63:32]
       Field thres1 [31:0]   : in bits [31:0]
]


